2022/02/13 11:25:47 [notice] 7#0: using the "epoll" event method
2022/02/13 11:25:47 [notice] 7#0: nginx/1.20.1
2022/02/13 11:25:47 [notice] 7#0: built by gcc 10.3.1 20211027 (Alpine 10.3.1_git20211027) 
2022/02/13 11:25:47 [notice] 7#0: OS: Linux 4.19.128-microsoft-standard
2022/02/13 11:25:47 [notice] 7#0: getrlimit(RLIMIT_NOFILE): 1048576:1048576
2022/02/13 11:25:47 [notice] 8#0: start worker processes
2022/02/13 11:25:47 [notice] 8#0: start worker process 10
2022/02/13 11:25:47 [notice] 8#0: start worker process 11
2022/02/13 11:25:47 [notice] 8#0: start worker process 12
2022/02/13 11:25:47 [notice] 8#0: start worker process 13
2022/02/15 15:23:06 [notice] 7#0: using the "epoll" event method
2022/02/15 15:23:06 [notice] 7#0: nginx/1.18.0
2022/02/15 15:23:06 [notice] 7#0: built by gcc 10.3.1 20211027 (Alpine 10.3.1_git20211027) 
2022/02/15 15:23:06 [notice] 7#0: OS: Linux 4.19.128-microsoft-standard
2022/02/15 15:23:06 [notice] 7#0: getrlimit(RLIMIT_NOFILE): 1048576:1048576
2022/02/15 15:23:06 [notice] 8#0: start worker processes
2022/02/15 15:23:06 [notice] 8#0: start worker process 10
2022/02/15 15:23:06 [notice] 8#0: start worker process 11
2022/02/15 15:23:06 [notice] 8#0: start worker process 12
2022/02/15 15:23:06 [notice] 8#0: start worker process 13
2022/02/15 15:23:07 [notice] 7#0: using the "epoll" event method
2022/02/15 15:23:07 [notice] 7#0: nginx/1.18.0
2022/02/15 15:23:07 [notice] 7#0: built by gcc 10.3.1 20211027 (Alpine 10.3.1_git20211027) 
2022/02/15 15:23:07 [notice] 7#0: OS: Linux 4.19.128-microsoft-standard
2022/02/15 15:23:07 [notice] 7#0: getrlimit(RLIMIT_NOFILE): 1048576:1048576
2022/02/15 15:23:07 [notice] 8#0: start worker processes
2022/02/15 15:23:07 [notice] 8#0: start worker process 10
2022/02/15 15:23:07 [notice] 8#0: start worker process 11
2022/02/15 15:23:07 [notice] 8#0: start worker process 12
2022/02/15 15:23:07 [notice] 8#0: start worker process 13
2022/02/15 15:23:07 [notice] 7#0: using the "epoll" event method
2022/02/15 15:23:07 [notice] 7#0: nginx/1.18.0
2022/02/15 15:23:07 [notice] 7#0: built by gcc 10.3.1 20211027 (Alpine 10.3.1_git20211027) 
2022/02/15 15:23:07 [notice] 7#0: OS: Linux 4.19.128-microsoft-standard
2022/02/15 15:23:07 [notice] 7#0: getrlimit(RLIMIT_NOFILE): 1048576:1048576
2022/02/15 15:23:07 [notice] 8#0: start worker processes
2022/02/15 15:23:07 [notice] 8#0: start worker process 10
2022/02/15 15:23:07 [notice] 8#0: start worker process 11
2022/02/15 15:23:07 [notice] 8#0: start worker process 12
2022/02/15 15:23:07 [notice] 8#0: start worker process 13
2022/02/15 15:23:08 [notice] 7#0: using the "epoll" event method
2022/02/15 15:23:08 [notice] 7#0: nginx/1.18.0
2022/02/15 15:23:08 [notice] 7#0: built by gcc 10.3.1 20211027 (Alpine 10.3.1_git20211027) 
2022/02/15 15:23:08 [notice] 7#0: OS: Linux 4.19.128-microsoft-standard
2022/02/15 15:23:08 [notice] 7#0: getrlimit(RLIMIT_NOFILE): 1048576:1048576
2022/02/15 15:23:08 [notice] 8#0: start worker processes
2022/02/15 15:23:08 [notice] 8#0: start worker process 10
2022/02/15 15:23:08 [notice] 8#0: start worker process 11
2022/02/15 15:23:08 [notice] 8#0: start worker process 12
2022/02/15 15:23:08 [notice] 8#0: start worker process 13
2022/02/15 15:23:09 [notice] 8#0: using the "epoll" event method
2022/02/15 15:23:09 [notice] 8#0: nginx/1.18.0
2022/02/15 15:23:09 [notice] 8#0: built by gcc 10.3.1 20211027 (Alpine 10.3.1_git20211027) 
2022/02/15 15:23:09 [notice] 8#0: OS: Linux 4.19.128-microsoft-standard
2022/02/15 15:23:09 [notice] 8#0: getrlimit(RLIMIT_NOFILE): 1048576:1048576
2022/02/15 15:23:09 [notice] 9#0: start worker processes
2022/02/15 15:23:09 [notice] 9#0: start worker process 11
2022/02/15 15:23:09 [notice] 9#0: start worker process 12
2022/02/15 15:23:09 [notice] 9#0: start worker process 13
2022/02/15 15:23:09 [notice] 9#0: start worker process 14
2022/02/15 15:23:11 [notice] 7#0: using the "epoll" event method
2022/02/15 15:23:11 [notice] 7#0: nginx/1.18.0
2022/02/15 15:23:11 [notice] 7#0: built by gcc 10.3.1 20211027 (Alpine 10.3.1_git20211027) 
2022/02/15 15:23:11 [notice] 7#0: OS: Linux 4.19.128-microsoft-standard
2022/02/15 15:23:11 [notice] 7#0: getrlimit(RLIMIT_NOFILE): 1048576:1048576
2022/02/15 15:23:11 [notice] 8#0: start worker processes
2022/02/15 15:23:11 [notice] 8#0: start worker process 10
2022/02/15 15:23:11 [notice] 8#0: start worker process 11
2022/02/15 15:23:11 [notice] 8#0: start worker process 12
2022/02/15 15:23:11 [notice] 8#0: start worker process 13
2022/02/15 15:23:14 [notice] 7#0: using the "epoll" event method
2022/02/15 15:23:14 [notice] 7#0: nginx/1.18.0
2022/02/15 15:23:14 [notice] 7#0: built by gcc 10.3.1 20211027 (Alpine 10.3.1_git20211027) 
2022/02/15 15:23:14 [notice] 7#0: OS: Linux 4.19.128-microsoft-standard
2022/02/15 15:23:14 [notice] 7#0: getrlimit(RLIMIT_NOFILE): 1048576:1048576
2022/02/15 15:23:14 [notice] 8#0: start worker processes
2022/02/15 15:23:14 [notice] 8#0: start worker process 10
2022/02/15 15:23:14 [notice] 8#0: start worker process 11
2022/02/15 15:23:14 [notice] 8#0: start worker process 12
2022/02/15 15:23:14 [notice] 8#0: start worker process 13
2022/02/15 15:23:21 [notice] 7#0: using the "epoll" event method
2022/02/15 15:23:21 [notice] 7#0: nginx/1.18.0
2022/02/15 15:23:21 [notice] 7#0: built by gcc 10.3.1 20211027 (Alpine 10.3.1_git20211027) 
2022/02/15 15:23:21 [notice] 7#0: OS: Linux 4.19.128-microsoft-standard
2022/02/15 15:23:21 [notice] 7#0: getrlimit(RLIMIT_NOFILE): 1048576:1048576
2022/02/15 15:23:21 [notice] 8#0: start worker processes
2022/02/15 15:23:21 [notice] 8#0: start worker process 10
2022/02/15 15:23:21 [notice] 8#0: start worker process 11
2022/02/15 15:23:21 [notice] 8#0: start worker process 12
2022/02/15 15:23:21 [notice] 8#0: start worker process 13
2022/02/15 15:23:34 [notice] 7#0: using the "epoll" event method
2022/02/15 15:23:34 [notice] 7#0: nginx/1.18.0
2022/02/15 15:23:34 [notice] 7#0: built by gcc 10.3.1 20211027 (Alpine 10.3.1_git20211027) 
2022/02/15 15:23:34 [notice] 7#0: OS: Linux 4.19.128-microsoft-standard
2022/02/15 15:23:34 [notice] 7#0: getrlimit(RLIMIT_NOFILE): 1048576:1048576
2022/02/15 15:23:34 [notice] 8#0: start worker processes
2022/02/15 15:23:34 [notice] 8#0: start worker process 10
2022/02/15 15:23:34 [notice] 8#0: start worker process 11
2022/02/15 15:23:34 [notice] 8#0: start worker process 12
2022/02/15 15:23:34 [notice] 8#0: start worker process 13
2022/02/15 15:24:04 [notice] 7#0: using the "epoll" event method
2022/02/15 15:24:04 [notice] 7#0: nginx/1.18.0
2022/02/15 15:24:04 [notice] 7#0: built by gcc 10.3.1 20211027 (Alpine 10.3.1_git20211027) 
2022/02/15 15:24:04 [notice] 7#0: OS: Linux 4.19.128-microsoft-standard
2022/02/15 15:24:04 [notice] 7#0: getrlimit(RLIMIT_NOFILE): 1048576:1048576
2022/02/15 15:24:04 [notice] 8#0: start worker processes
2022/02/15 15:24:04 [notice] 8#0: start worker process 10
2022/02/15 15:24:04 [notice] 8#0: start worker process 11
2022/02/15 15:24:04 [notice] 8#0: start worker process 12
2022/02/15 15:24:04 [notice] 8#0: start worker process 13
2022/02/15 15:24:19 [notice] 8#0: using the "epoll" event method
2022/02/15 15:24:19 [notice] 8#0: nginx/1.18.0
2022/02/15 15:24:19 [notice] 8#0: built by gcc 10.3.1 20211027 (Alpine 10.3.1_git20211027) 
2022/02/15 15:24:19 [notice] 8#0: OS: Linux 4.19.128-microsoft-standard
2022/02/15 15:24:19 [notice] 8#0: getrlimit(RLIMIT_NOFILE): 1048576:1048576
2022/02/15 15:24:19 [notice] 9#0: start worker processes
2022/02/15 15:24:19 [notice] 9#0: start worker process 11
2022/02/15 15:24:19 [notice] 9#0: start worker process 12
2022/02/15 15:24:19 [notice] 9#0: start worker process 13
2022/02/15 15:24:19 [notice] 9#0: start worker process 14
2022/02/15 15:24:23 [notice] 7#0: using the "epoll" event method
2022/02/15 15:24:23 [notice] 7#0: nginx/1.18.0
2022/02/15 15:24:23 [notice] 7#0: built by gcc 10.3.1 20211027 (Alpine 10.3.1_git20211027) 
2022/02/15 15:24:23 [notice] 7#0: OS: Linux 4.19.128-microsoft-standard
2022/02/15 15:24:23 [notice] 7#0: getrlimit(RLIMIT_NOFILE): 1048576:1048576
2022/02/15 15:24:23 [notice] 8#0: start worker processes
2022/02/15 15:24:23 [notice] 8#0: start worker process 10
2022/02/15 15:24:23 [notice] 8#0: start worker process 11
2022/02/15 15:24:23 [notice] 8#0: start worker process 12
2022/02/15 15:24:23 [notice] 8#0: start worker process 13
2022/02/15 15:25:28 [notice] 7#0: using the "epoll" event method
2022/02/15 15:25:28 [notice] 7#0: nginx/1.18.0
2022/02/15 15:25:28 [notice] 7#0: built by gcc 10.3.1 20211027 (Alpine 10.3.1_git20211027) 
2022/02/15 15:25:28 [notice] 7#0: OS: Linux 4.19.128-microsoft-standard
2022/02/15 15:25:28 [notice] 7#0: getrlimit(RLIMIT_NOFILE): 1048576:1048576
2022/02/15 15:25:28 [notice] 8#0: start worker processes
2022/02/15 15:25:28 [notice] 8#0: start worker process 10
2022/02/15 15:25:28 [notice] 8#0: start worker process 11
2022/02/15 15:25:28 [notice] 8#0: start worker process 12
2022/02/15 15:25:28 [notice] 8#0: start worker process 13
2022/02/15 15:31:04 [notice] 8#0: using the "epoll" event method
2022/02/15 15:31:04 [notice] 8#0: nginx/1.18.0
2022/02/15 15:31:04 [notice] 8#0: built by gcc 10.3.1 20211027 (Alpine 10.3.1_git20211027) 
2022/02/15 15:31:04 [notice] 8#0: OS: Linux 4.19.128-microsoft-standard
2022/02/15 15:31:04 [notice] 8#0: getrlimit(RLIMIT_NOFILE): 1048576:1048576
2022/02/15 15:31:04 [notice] 9#0: start worker processes
2022/02/15 15:31:04 [notice] 9#0: start worker process 11
2022/02/15 15:31:04 [notice] 9#0: start worker process 12
2022/02/15 15:31:04 [notice] 9#0: start worker process 13
2022/02/15 15:31:04 [notice] 9#0: start worker process 14
2022/02/15 16:12:34 [notice] 7#0: using the "epoll" event method
2022/02/15 16:12:34 [notice] 7#0: nginx/1.18.0
2022/02/15 16:12:34 [notice] 7#0: built by gcc 10.3.1 20211027 (Alpine 10.3.1_git20211027) 
2022/02/15 16:12:34 [notice] 7#0: OS: Linux 4.19.128-microsoft-standard
2022/02/15 16:12:34 [notice] 7#0: getrlimit(RLIMIT_NOFILE): 1048576:1048576
2022/02/15 16:12:34 [notice] 8#0: start worker processes
2022/02/15 16:12:34 [notice] 8#0: start worker process 10
2022/02/15 16:12:34 [notice] 8#0: start worker process 11
2022/02/15 16:12:34 [notice] 8#0: start worker process 12
2022/02/15 16:12:34 [notice] 8#0: start worker process 13
2022/02/16 13:45:07 [notice] 7#0: using the "epoll" event method
2022/02/16 13:45:07 [notice] 7#0: nginx/1.18.0
2022/02/16 13:45:07 [notice] 7#0: built by gcc 10.3.1 20211027 (Alpine 10.3.1_git20211027) 
2022/02/16 13:45:07 [notice] 7#0: OS: Linux 4.19.128-microsoft-standard
2022/02/16 13:45:07 [notice] 7#0: getrlimit(RLIMIT_NOFILE): 1048576:1048576
2022/02/16 13:45:07 [notice] 8#0: start worker processes
2022/02/16 13:45:07 [notice] 8#0: start worker process 10
2022/02/16 13:45:07 [notice] 8#0: start worker process 11
2022/02/16 13:45:07 [notice] 8#0: start worker process 12
2022/02/16 13:45:07 [notice] 8#0: start worker process 13
2022/02/16 13:45:20 [error] 10#0: *2 rewrite or internal redirection cycle while internally redirecting to "/index.php", client: 172.29.0.1, server: mynginx.com, request: "GET /favicon.ico HTTP/1.1", host: "127.0.0.1:891", referrer: "http://127.0.0.1:891/"
2022/02/16 13:45:26 [error] 10#0: *1 rewrite or internal redirection cycle while internally redirecting to "/index.php", client: 172.29.0.1, server: mynginx.com, request: "GET /q.php HTTP/1.1", host: "127.0.0.1:891"
2022/02/16 13:45:26 [error] 10#0: *3 rewrite or internal redirection cycle while internally redirecting to "/index.php", client: 172.29.0.1, server: mynginx.com, request: "GET /favicon.ico HTTP/1.1", host: "127.0.0.1:891", referrer: "http://127.0.0.1:891/q.php"
2022/02/16 13:45:30 [error] 10#0: *5 rewrite or internal redirection cycle while internally redirecting to "/index.php", client: 172.29.0.1, server: mynginx.com, request: "GET /1.php HTTP/1.1", host: "127.0.0.1:891"
2022/02/16 13:45:30 [error] 10#0: *4 rewrite or internal redirection cycle while internally redirecting to "/index.php", client: 172.29.0.1, server: mynginx.com, request: "GET /favicon.ico HTTP/1.1", host: "127.0.0.1:891", referrer: "http://127.0.0.1:891/1.php"
2022/02/16 14:00:59 [notice] 7#0: using the "epoll" event method
2022/02/16 14:00:59 [notice] 7#0: nginx/1.18.0
2022/02/16 14:00:59 [notice] 7#0: built by gcc 10.3.1 20211027 (Alpine 10.3.1_git20211027) 
2022/02/16 14:00:59 [notice] 7#0: OS: Linux 4.19.128-microsoft-standard
2022/02/16 14:00:59 [notice] 7#0: getrlimit(RLIMIT_NOFILE): 1048576:1048576
2022/02/16 14:00:59 [notice] 8#0: start worker processes
2022/02/16 14:00:59 [notice] 8#0: start worker process 10
2022/02/16 14:00:59 [notice] 8#0: start worker process 11
2022/02/16 14:00:59 [notice] 8#0: start worker process 12
2022/02/16 14:00:59 [notice] 8#0: start worker process 13
2022/02/16 14:02:14 [notice] 7#0: using the "epoll" event method
2022/02/16 14:02:14 [notice] 7#0: nginx/1.18.0
2022/02/16 14:02:14 [notice] 7#0: built by gcc 10.3.1 20211027 (Alpine 10.3.1_git20211027) 
2022/02/16 14:02:14 [notice] 7#0: OS: Linux 4.19.128-microsoft-standard
2022/02/16 14:02:14 [notice] 7#0: getrlimit(RLIMIT_NOFILE): 1048576:1048576
2022/02/16 14:02:14 [notice] 8#0: start worker processes
2022/02/16 14:02:14 [notice] 8#0: start worker process 10
2022/02/16 14:02:14 [notice] 8#0: start worker process 11
2022/02/16 14:02:14 [notice] 8#0: start worker process 12
2022/02/16 14:02:14 [notice] 8#0: start worker process 13
